{"C:\\Users\\Admin\\Desktop\\nodejs-aws-shop-backend\\product-service\\lib\\lambdas\\get-product\\index.ts": {"path":"C:\\Users\\Admin\\Desktop\\nodejs-aws-shop-backend\\product-service\\lib\\lambdas\\get-product\\index.ts","statementMap":{"0":{"start":{"line":1,"column":0},"end":{"line":1,"column":59}},"1":{"start":{"line":2,"column":0},"end":{"line":2,"column":52}},"2":{"start":{"line":3,"column":0},"end":{"line":3,"column":58}},"3":{"start":{"line":4,"column":0},"end":{"line":4,"column":75}},"4":{"start":{"line":7,"column":15},"end":{"line":7,"column":37}},"5":{"start":{"line":8,"column":18},"end":{"line":12,"column":2}},"6":{"start":{"line":14,"column":47},"end":{"line":44,"column":1}},"7":{"start":{"line":15,"column":2},"end":{"line":43,"column":3}},"8":{"start":{"line":16,"column":4},"end":{"line":16,"column":37}},"9":{"start":{"line":18,"column":35},"end":{"line":18,"column":59}},"10":{"start":{"line":19,"column":41},"end":{"line":28,"column":6}},"11":{"start":{"line":30,"column":20},"end":{"line":33,"column":null}},"12":{"start":{"line":35,"column":4},"end":{"line":37,"column":5}},"13":{"start":{"line":36,"column":6},"end":{"line":36,"column":67}},"14":{"start":{"line":39,"column":4},"end":{"line":39,"column":40}},"15":{"start":{"line":41,"column":4},"end":{"line":41,"column":79}},"16":{"start":{"line":14,"column":13},"end":{"line":14,"column":47}}},"fnMap":{"0":{"name":"(anonymous_0)","decl":{"start":{"line":14,"column":47},"end":{"line":14,"column":52}},"loc":{"start":{"line":14,"column":117},"end":{"line":44,"column":1}}}},"branchMap":{"0":{"loc":{"start":{"line":32,"column":13},"end":{"line":32,"column":41}},"type":"binary-expr","locations":[{"start":{"line":32,"column":13},"end":{"line":32,"column":36}},{"start":{"line":32,"column":40},"end":{"line":32,"column":41}}]},"1":{"loc":{"start":{"line":35,"column":4},"end":{"line":37,"column":5}},"type":"if","locations":[{"start":{"line":35,"column":4},"end":{"line":37,"column":5}}]}},"s":{"0":1,"1":1,"2":1,"3":1,"4":1,"5":1,"6":1,"7":3,"8":3,"9":3,"10":3,"11":0,"12":0,"13":0,"14":0,"15":3,"16":1},"f":{"0":3},"b":{"0":[0,0],"1":[0]}}
,"C:\\Users\\Admin\\Desktop\\nodejs-aws-shop-backend\\product-service\\lib\\lambdas\\get-product-list\\index.ts": {"path":"C:\\Users\\Admin\\Desktop\\nodejs-aws-shop-backend\\product-service\\lib\\lambdas\\get-product-list\\index.ts","statementMap":{"0":{"start":{"line":1,"column":0},"end":{"line":1,"column":59}},"1":{"start":{"line":2,"column":0},"end":{"line":2,"column":52}},"2":{"start":{"line":3,"column":0},"end":{"line":3,"column":58}},"3":{"start":{"line":4,"column":0},"end":{"line":4,"column":76}},"4":{"start":{"line":7,"column":15},"end":{"line":7,"column":37}},"5":{"start":{"line":8,"column":18},"end":{"line":12,"column":2}},"6":{"start":{"line":14,"column":47},"end":{"line":39,"column":1}},"7":{"start":{"line":15,"column":2},"end":{"line":38,"column":3}},"8":{"start":{"line":16,"column":4},"end":{"line":16,"column":42}},"9":{"start":{"line":18,"column":43},"end":{"line":25,"column":6}},"10":{"start":{"line":27,"column":21},"end":{"line":27,"column":47}},"11":{"start":{"line":28,"column":19},"end":{"line":28,"column":43}},"12":{"start":{"line":30,"column":27},"end":{"line":33,"column":7}},"13":{"start":{"line":30,"column":54},"end":{"line":33,"column":6}},"14":{"start":{"line":32,"column":36},"end":{"line":32,"column":59}},"15":{"start":{"line":35,"column":4},"end":{"line":35,"column":47}},"16":{"start":{"line":37,"column":4},"end":{"line":37,"column":79}},"17":{"start":{"line":14,"column":13},"end":{"line":14,"column":47}}},"fnMap":{"0":{"name":"(anonymous_0)","decl":{"start":{"line":14,"column":47},"end":{"line":14,"column":52}},"loc":{"start":{"line":14,"column":117},"end":{"line":39,"column":1}}},"1":{"name":"(anonymous_1)","decl":{"start":{"line":30,"column":40},"end":{"line":30,"column":41}},"loc":{"start":{"line":30,"column":54},"end":{"line":33,"column":6}}},"2":{"name":"(anonymous_2)","decl":{"start":{"line":32,"column":25},"end":{"line":32,"column":26}},"loc":{"start":{"line":32,"column":36},"end":{"line":32,"column":59}}}},"branchMap":{"0":{"loc":{"start":{"line":27,"column":21},"end":{"line":27,"column":47}},"type":"binary-expr","locations":[{"start":{"line":27,"column":21},"end":{"line":27,"column":41}},{"start":{"line":27,"column":45},"end":{"line":27,"column":47}}]},"1":{"loc":{"start":{"line":28,"column":19},"end":{"line":28,"column":43}},"type":"binary-expr","locations":[{"start":{"line":28,"column":19},"end":{"line":28,"column":37}},{"start":{"line":28,"column":41},"end":{"line":28,"column":43}}]},"2":{"loc":{"start":{"line":32,"column":13},"end":{"line":32,"column":72}},"type":"binary-expr","locations":[{"start":{"line":32,"column":13},"end":{"line":32,"column":67}},{"start":{"line":32,"column":71},"end":{"line":32,"column":72}}]}},"s":{"0":1,"1":1,"2":1,"3":1,"4":1,"5":1,"6":1,"7":2,"8":2,"9":2,"10":0,"11":0,"12":0,"13":0,"14":0,"15":0,"16":2,"17":1},"f":{"0":2,"1":0,"2":0},"b":{"0":[0,0],"1":[0,0],"2":[0,0]}}
,"C:\\Users\\Admin\\Desktop\\nodejs-aws-shop-backend\\product-service\\mock\\products.ts": {"path":"C:\\Users\\Admin\\Desktop\\nodejs-aws-shop-backend\\product-service\\mock\\products.ts","statementMap":{"0":{"start":{"line":3,"column":13},"end":{"line":40,"column":2}}},"fnMap":{},"branchMap":{},"s":{"0":2},"f":{},"b":{}}
,"C:\\Users\\Admin\\Desktop\\nodejs-aws-shop-backend\\product-service\\utils\\create-reponse.ts": {"path":"C:\\Users\\Admin\\Desktop\\nodejs-aws-shop-backend\\product-service\\utils\\create-reponse.ts","statementMap":{"0":{"start":{"line":1,"column":0},"end":{"line":1,"column":24}},"1":{"start":{"line":2,"column":4},"end":{"line":9,"column":6}}},"fnMap":{"0":{"name":"createResponse","decl":{"start":{"line":1,"column":24},"end":{"line":1,"column":38}},"loc":{"start":{"line":1,"column":69},"end":{"line":10,"column":1}}}},"branchMap":{},"s":{"0":2,"1":5},"f":{"0":5},"b":{}}
,"C:\\Users\\Admin\\Desktop\\nodejs-aws-shop-backend\\product-service\\utils\\log-manager.ts": {"path":"C:\\Users\\Admin\\Desktop\\nodejs-aws-shop-backend\\product-service\\utils\\log-manager.ts","statementMap":{"0":{"start":{"line":3,"column":0},"end":{"line":3,"column":24}},"1":{"start":{"line":4,"column":23},"end":{"line":11,"column":null}},"2":{"start":{"line":13,"column":4},"end":{"line":13,"column":65}}},"fnMap":{"0":{"name":"logManager","decl":{"start":{"line":3,"column":24},"end":{"line":3,"column":34}},"loc":{"start":{"line":3,"column":82},"end":{"line":14,"column":1}}}},"branchMap":{},"s":{"0":2,"1":5,"2":5},"f":{"0":5},"b":{}}
}
