{"C:\\Users\\Admin\\Desktop\\nodejs-aws-shop-backend\\product-service\\lib\\lambdas\\get-product\\index.ts": {"path":"C:\\Users\\Admin\\Desktop\\nodejs-aws-shop-backend\\product-service\\lib\\lambdas\\get-product\\index.ts","statementMap":{"0":{"start":{"line":1,"column":0},"end":{"line":1,"column":59}},"1":{"start":{"line":2,"column":0},"end":{"line":2,"column":50}},"2":{"start":{"line":6,"column":47},"end":{"line":21,"column":1}},"3":{"start":{"line":7,"column":2},"end":{"line":20,"column":3}},"4":{"start":{"line":8,"column":35},"end":{"line":8,"column":59}},"5":{"start":{"line":9,"column":41},"end":{"line":9,"column":86}},"6":{"start":{"line":9,"column":68},"end":{"line":9,"column":85}},"7":{"start":{"line":11,"column":4},"end":{"line":13,"column":5}},"8":{"start":{"line":12,"column":6},"end":{"line":12,"column":67}},"9":{"start":{"line":15,"column":4},"end":{"line":15,"column":40}},"10":{"start":{"line":17,"column":4},"end":{"line":17,"column":34}},"11":{"start":{"line":18,"column":4},"end":{"line":18,"column":69}},"12":{"start":{"line":6,"column":13},"end":{"line":6,"column":47}}},"fnMap":{"0":{"name":"(anonymous_0)","decl":{"start":{"line":6,"column":47},"end":{"line":6,"column":52}},"loc":{"start":{"line":6,"column":117},"end":{"line":21,"column":1}}},"1":{"name":"(anonymous_1)","decl":{"start":{"line":9,"column":55},"end":{"line":9,"column":56}},"loc":{"start":{"line":9,"column":68},"end":{"line":9,"column":85}}}},"branchMap":{"0":{"loc":{"start":{"line":11,"column":4},"end":{"line":13,"column":5}},"type":"if","locations":[{"start":{"line":11,"column":4},"end":{"line":13,"column":5}}]}},"s":{"0":1,"1":1,"2":1,"3":3,"4":3,"5":3,"6":7,"7":2,"8":1,"9":1,"10":1,"11":1,"12":1},"f":{"0":3,"1":7},"b":{"0":[1]}}
,"C:\\Users\\Admin\\Desktop\\nodejs-aws-shop-backend\\product-service\\lib\\lambdas\\get-product-list\\index.ts": {"path":"C:\\Users\\Admin\\Desktop\\nodejs-aws-shop-backend\\product-service\\lib\\lambdas\\get-product-list\\index.ts","statementMap":{"0":{"start":{"line":1,"column":0},"end":{"line":1,"column":59}},"1":{"start":{"line":2,"column":0},"end":{"line":2,"column":50}},"2":{"start":{"line":5,"column":47},"end":{"line":12,"column":1}},"3":{"start":{"line":6,"column":2},"end":{"line":11,"column":3}},"4":{"start":{"line":7,"column":4},"end":{"line":7,"column":41}},"5":{"start":{"line":10,"column":4},"end":{"line":10,"column":69}},"6":{"start":{"line":5,"column":13},"end":{"line":5,"column":47}}},"fnMap":{"0":{"name":"(anonymous_0)","decl":{"start":{"line":5,"column":47},"end":{"line":5,"column":52}},"loc":{"start":{"line":5,"column":117},"end":{"line":12,"column":1}}}},"branchMap":{},"s":{"0":1,"1":1,"2":1,"3":2,"4":2,"5":1,"6":1},"f":{"0":2},"b":{}}
,"C:\\Users\\Admin\\Desktop\\nodejs-aws-shop-backend\\product-service\\mock\\products.ts": {"path":"C:\\Users\\Admin\\Desktop\\nodejs-aws-shop-backend\\product-service\\mock\\products.ts","statementMap":{"0":{"start":{"line":3,"column":13},"end":{"line":40,"column":2}}},"fnMap":{},"branchMap":{},"s":{"0":2},"f":{},"b":{}}
,"C:\\Users\\Admin\\Desktop\\nodejs-aws-shop-backend\\product-service\\utils\\create-reponse.ts": {"path":"C:\\Users\\Admin\\Desktop\\nodejs-aws-shop-backend\\product-service\\utils\\create-reponse.ts","statementMap":{"0":{"start":{"line":1,"column":0},"end":{"line":1,"column":24}},"1":{"start":{"line":2,"column":4},"end":{"line":9,"column":6}}},"fnMap":{"0":{"name":"createResponse","decl":{"start":{"line":1,"column":24},"end":{"line":1,"column":38}},"loc":{"start":{"line":1,"column":69},"end":{"line":10,"column":1}}}},"branchMap":{},"s":{"0":2,"1":5},"f":{"0":5},"b":{}}
}
