TN:
SF:lib\lambdas\get-product\index.ts
FN:6,(anonymous_0)
FN:9,(anonymous_1)
FNF:2
FNH:2
FNDA:3,(anonymous_0)
FNDA:7,(anonymous_1)
DA:1,1
DA:2,1
DA:6,1
DA:7,3
DA:8,3
DA:9,7
DA:11,2
DA:12,1
DA:15,1
DA:17,1
DA:18,1
LF:11
LH:11
BRDA:11,0,0,1
BRF:1
BRH:1
end_of_record
TN:
SF:lib\lambdas\get-product-list\index.ts
FN:5,(anonymous_0)
FNF:1
FNH:1
FNDA:2,(anonymous_0)
DA:1,1
DA:2,1
DA:5,1
DA:6,2
DA:7,2
DA:10,1
LF:6
LH:6
BRF:0
BRH:0
end_of_record
TN:
SF:mock\products.ts
FNF:0
FNH:0
DA:3,2
LF:1
LH:1
BRF:0
BRH:0
end_of_record
TN:
SF:utils\create-reponse.ts
FN:1,createResponse
FNF:1
FNH:1
FNDA:5,createResponse
DA:1,2
DA:2,5
LF:2
LH:2
BRF:0
BRH:0
end_of_record
