TN:
SF:lib\lambdas\get-product\index.ts
FN:14,(anonymous_0)
FNF:1
FNH:1
FNDA:3,(anonymous_0)
DA:1,1
DA:2,1
DA:3,1
DA:4,1
DA:7,1
DA:8,1
DA:14,1
DA:15,3
DA:16,3
DA:18,3
DA:19,3
DA:30,0
DA:35,0
DA:36,0
DA:39,0
DA:41,3
LF:16
LH:12
BRDA:32,0,0,0
BRDA:32,0,1,0
BRDA:35,1,0,0
BRF:3
BRH:0
end_of_record
TN:
SF:lib\lambdas\get-product-list\index.ts
FN:14,(anonymous_0)
FN:30,(anonymous_1)
FN:32,(anonymous_2)
FNF:3
FNH:1
FNDA:2,(anonymous_0)
FNDA:0,(anonymous_1)
FNDA:0,(anonymous_2)
DA:1,1
DA:2,1
DA:3,1
DA:4,1
DA:7,1
DA:8,1
DA:14,1
DA:15,2
DA:16,2
DA:18,2
DA:27,0
DA:28,0
DA:30,0
DA:32,0
DA:35,0
DA:37,2
LF:16
LH:11
BRDA:27,0,0,0
BRDA:27,0,1,0
BRDA:28,1,0,0
BRDA:28,1,1,0
BRDA:32,2,0,0
BRDA:32,2,1,0
BRF:6
BRH:0
end_of_record
TN:
SF:mock\products.ts
FNF:0
FNH:0
DA:3,2
LF:1
LH:1
BRF:0
BRH:0
end_of_record
TN:
SF:utils\create-reponse.ts
FN:1,createResponse
FNF:1
FNH:1
FNDA:5,createResponse
DA:1,2
DA:2,5
LF:2
LH:2
BRF:0
BRH:0
end_of_record
TN:
SF:utils\log-manager.ts
FN:3,logManager
FNF:1
FNH:1
FNDA:5,logManager
DA:3,2
DA:4,5
DA:13,5
LF:3
LH:3
BRF:0
BRH:0
end_of_record
