{"C:\\Users\\Admin\\Desktop\\nodejs-aws-shop-backend\\import-service\\lib\\lambdas\\import-products-file\\index.ts": {"path":"C:\\Users\\Admin\\Desktop\\nodejs-aws-shop-backend\\import-service\\lib\\lambdas\\import-products-file\\index.ts","statementMap":{"0":{"start":{"line":1,"column":0},"end":{"line":1,"column":59}},"1":{"start":{"line":2,"column":0},"end":{"line":2,"column":64}},"2":{"start":{"line":3,"column":0},"end":{"line":3,"column":61}},"3":{"start":{"line":6,"column":17},"end":{"line":6,"column":33}},"4":{"start":{"line":8,"column":23},"end":{"line":28,"column":1}},"5":{"start":{"line":9,"column":4},"end":{"line":27,"column":5}},"6":{"start":{"line":10,"column":25},"end":{"line":10,"column":58}},"7":{"start":{"line":12,"column":8},"end":{"line":14,"column":9}},"8":{"start":{"line":13,"column":12},"end":{"line":13,"column":77}},"9":{"start":{"line":16,"column":24},"end":{"line":20,"column":10}},"10":{"start":{"line":22,"column":26},"end":{"line":22,"column":83}},"11":{"start":{"line":24,"column":8},"end":{"line":24,"column":46}},"12":{"start":{"line":26,"column":8},"end":{"line":26,"column":73}},"13":{"start":{"line":8,"column":13},"end":{"line":8,"column":23}}},"fnMap":{"0":{"name":"(anonymous_1)","decl":{"start":{"line":8,"column":23},"end":{"line":8,"column":28}},"loc":{"start":{"line":8,"column":93},"end":{"line":28,"column":1}}}},"branchMap":{"0":{"loc":{"start":{"line":12,"column":8},"end":{"line":14,"column":9}},"type":"if","locations":[{"start":{"line":12,"column":8},"end":{"line":14,"column":9}}]}},"s":{"0":1,"1":1,"2":1,"3":1,"4":1,"5":3,"6":3,"7":3,"8":1,"9":2,"10":2,"11":1,"12":1,"13":1},"f":{"0":3},"b":{"0":[1]}}
,"C:\\Users\\Admin\\Desktop\\nodejs-aws-shop-backend\\import-service\\utils\\create-reponse.ts": {"path":"C:\\Users\\Admin\\Desktop\\nodejs-aws-shop-backend\\import-service\\utils\\create-reponse.ts","statementMap":{"0":{"start":{"line":1,"column":0},"end":{"line":1,"column":24}},"1":{"start":{"line":2,"column":4},"end":{"line":9,"column":6}}},"fnMap":{"0":{"name":"createResponse","decl":{"start":{"line":1,"column":24},"end":{"line":1,"column":38}},"loc":{"start":{"line":1,"column":69},"end":{"line":10,"column":1}}}},"branchMap":{},"s":{"0":1,"1":3},"f":{"0":3},"b":{}}
}
